{"level":"warn","message":"FILESYSTEM"}
{"level":"warn","message":"FILESYSTEM"}
{"level":"warn","message":"FILESYSTEM"}
{"level":"warn","message":"FILESYSTEM"}
{"level":"error","timestamp":"2025-03-04 06:04:32"}
{"level":"error","timestamp":"2025-03-04 06:05:19"}
{"level":"trace","message":"Starting stream","timestamp":"2025-03-04 06:06:11"}
{"level":"trace","message":"Starting stream","timestamp":"2025-03-04 06:07:01"}
{"level":"trace","message":"Starting stream","timestamp":"2025-03-04 06:09:54"}
{"level":"trace","message":"Starting stream","timestamp":"2025-03-04 06:11:17"}
{"level":"trace","message":"Starting stream","timestamp":"2025-03-04 06:11:39"}
{"level":"trace","message":"Starting stream","timestamp":"2025-03-04 06:12:33"}
{"level":"trace","message":"Stopping stream","timestamp":"2025-03-04 06:12:42"}
{"level":"trace","message":"Starting stream","timestamp":"2025-03-04 06:30:06"}
{"level":"trace","message":"Stopping stream","timestamp":"2025-03-04 06:30:15"}
{"level":"error","timestamp":"2025-03-11 19:31:04"}
{"level":"error","timestamp":"2025-03-11 19:32:40"}
{"level":"error","timestamp":"2025-03-11 19:35:29"}
{"level":"error","timestamp":"2025-03-11 19:36:05"}
{"level":"error","timestamp":"2025-03-11 19:50:10"}
{"level":"error","timestamp":"2025-03-11 20:02:05"}
{"level":"error","timestamp":"2025-03-11 20:16:38"}
{"level":"error","timestamp":"2025-03-11 20:17:59"}
{"level":"error","timestamp":"2025-03-11 20:23:57"}
{"level":"error","timestamp":"2025-03-11 20:29:28"}
{"level":"error","timestamp":"2025-03-11 20:36:32"}
{"level":"error","timestamp":"2025-03-11 20:44:17"}
{"level":"trace","message":"Starting stream","timestamp":"2025-03-11 21:47:28"}
{"level":"trace","message":"Stopping stream","timestamp":"2025-03-11 21:47:38"}
{"level":"warn","message":"Capturing failed, attempting to retry: attempt 1","timestamp":"2025-03-11 21:47:52"}
{"level":"warn","message":"Capturing failed, attempting to retry: attempt 2","timestamp":"2025-03-11 21:47:53"}
{"level":"warn","message":"Capturing failed, attempting to retry: attempt 3","timestamp":"2025-03-11 21:47:54"}
{"level":"trace","message":"Starting stream","timestamp":"2025-03-11 21:48:17"}
{"level":"trace","message":"Stopping stream","timestamp":"2025-03-11 21:48:21"}
{"level":"trace","message":"Starting stream","timestamp":"2025-03-11 21:48:47"}
{"level":"trace","message":"Stopping stream","timestamp":"2025-03-11 21:48:49"}
{"level":"trace","message":"Starting stream","timestamp":"2025-03-11 21:48:58"}
{"level":"trace","message":"Starting stream","timestamp":"2025-03-11 21:49:48"}
{"level":"trace","message":"Stopping stream","timestamp":"2025-03-11 21:49:50"}
{"level":"trace","message":"Starting stream","timestamp":"2025-03-11 21:51:25"}
{"level":"trace","message":"Stopping stream","timestamp":"2025-03-11 21:53:38"}
{"level":"trace","message":"Starting stream","timestamp":"2025-03-11 21:53:59"}
{"level":"trace","message":"Stopping stream","timestamp":"2025-03-11 21:54:02"}
{"level":"trace","message":"Starting stream","timestamp":"2025-03-11 21:56:36"}
{"level":"trace","message":"Stopping stream","timestamp":"2025-03-11 21:56:39"}
{"level":"trace","message":"Starting stream","timestamp":"2025-03-11 21:56:59"}
{"level":"trace","message":"Stopping stream","timestamp":"2025-03-11 21:57:05"}
{"level":"trace","message":"Starting stream","timestamp":"2025-03-11 21:57:05"}
{"level":"trace","message":"Stopping stream","timestamp":"2025-03-11 21:57:05"}
{"level":"trace","message":"Starting stream","timestamp":"2025-03-11 21:57:12"}
{"level":"warn","message":"Capturing failed, attempting to retry: attempt 1","timestamp":"2025-03-11 21:57:17"}
{"level":"trace","message":"Stopping stream","timestamp":"2025-03-11 21:57:17"}
{"level":"trace","message":"Starting stream","timestamp":"2025-03-11 21:57:19"}
{"level":"trace","message":"Starting stream","timestamp":"2025-03-11 21:57:51"}
{"level":"trace","message":"Stopping stream","timestamp":"2025-03-11 21:58:16"}
{"level":"trace","message":"Starting stream","timestamp":"2025-03-11 21:58:18"}
{"level":"trace","message":"Stopping stream","timestamp":"2025-03-11 21:58:25"}
{"level":"trace","message":"Starting stream","timestamp":"2025-03-11 21:58:25"}
{"level":"trace","message":"Stopping stream","timestamp":"2025-03-11 21:58:25"}
{"level":"trace","message":"Starting stream","timestamp":"2025-03-11 21:58:31"}
{"level":"warn","message":"Capturing failed, attempting to retry: attempt 1","timestamp":"2025-03-11 21:58:36"}
{"level":"trace","message":"Stopping stream","timestamp":"2025-03-11 21:58:36"}
{"level":"trace","message":"Starting stream","timestamp":"2025-03-11 21:58:39"}
{"level":"warn","message":"Capturing failed, attempting to retry: attempt 1","timestamp":"2025-03-11 21:58:44"}
{"level":"trace","message":"Stopping stream","timestamp":"2025-03-11 21:58:44"}
{"level":"trace","message":"Starting stream","timestamp":"2025-03-11 21:58:46"}
{"level":"warn","message":"Capturing failed, attempting to retry: attempt 1","timestamp":"2025-03-11 21:58:52"}
{"level":"trace","message":"Stopping stream","timestamp":"2025-03-11 21:58:52"}
{"level":"trace","message":"Starting stream","timestamp":"2025-03-11 21:58:54"}
{"level":"warn","message":"Capturing failed, attempting to retry: attempt 1","timestamp":"2025-03-11 21:59:00"}
{"level":"trace","message":"Stopping stream","timestamp":"2025-03-11 21:59:01"}
{"level":"trace","message":"Starting stream","timestamp":"2025-03-11 21:59:03"}
{"level":"warn","message":"Capturing failed, attempting to retry: attempt 1","timestamp":"2025-03-11 21:59:09"}
{"level":"trace","message":"Stopping stream","timestamp":"2025-03-11 21:59:09"}
{"level":"trace","message":"Starting stream","timestamp":"2025-03-11 21:59:11"}
{"level":"trace","message":"Stopping stream","timestamp":"2025-03-11 21:59:12"}
{"level":"trace","message":"Starting stream","timestamp":"2025-03-11 22:00:23"}
{"level":"trace","message":"Stopping stream","timestamp":"2025-03-11 22:00:26"}
{"level":"trace","message":"Starting stream","timestamp":"2025-03-11 22:00:46"}
{"level":"trace","message":"Stopping stream","timestamp":"2025-03-11 22:01:01"}
{"level":"trace","message":"Starting stream","timestamp":"2025-03-11 22:01:01"}
{"level":"trace","message":"Stopping stream","timestamp":"2025-03-11 22:01:05"}
{"level":"trace","message":"Starting stream","timestamp":"2025-03-11 22:01:05"}
{"level":"trace","message":"Stopping stream","timestamp":"2025-03-11 22:01:05"}
{"level":"trace","message":"Starting stream","timestamp":"2025-03-11 22:01:05"}
{"level":"trace","message":"Starting stream","timestamp":"2025-03-11 22:03:07"}
{"level":"trace","message":"Starting stream","timestamp":"2025-03-11 22:03:38"}
{"level":"trace","message":"Stopping stream","timestamp":"2025-03-11 22:03:46"}
{"level":"trace","message":"Starting stream","timestamp":"2025-03-11 22:03:57"}
{"level":"trace","message":"Stopping stream","timestamp":"2025-03-11 22:04:01"}
{"level":"trace","message":"Starting stream","timestamp":"2025-03-11 22:04:01"}
{"level":"trace","message":"Stopping stream","timestamp":"2025-03-11 22:04:01"}
{"level":"trace","message":"Starting stream","timestamp":"2025-03-11 22:04:07"}
{"level":"warn","message":"Capturing failed, attempting to retry: attempt 1","timestamp":"2025-03-11 22:04:13"}
{"level":"trace","message":"Stopping stream","timestamp":"2025-03-11 22:04:13"}
{"level":"trace","message":"Starting stream","timestamp":"2025-03-11 22:04:15"}
{"level":"warn","message":"Capturing failed, attempting to retry: attempt 1","timestamp":"2025-03-11 22:04:21"}
{"level":"trace","message":"Stopping stream","timestamp":"2025-03-11 22:04:21"}
{"level":"trace","message":"Starting stream","timestamp":"2025-03-11 22:04:23"}
{"level":"warn","message":"Capturing failed, attempting to retry: attempt 1","timestamp":"2025-03-11 22:04:29"}
{"level":"trace","message":"Stopping stream","timestamp":"2025-03-11 22:04:29"}
{"level":"trace","message":"Starting stream","timestamp":"2025-03-11 22:04:31"}
{"level":"trace","message":"Stopping stream","timestamp":"2025-03-11 22:04:32"}
{"level":"trace","message":"Starting stream","timestamp":"2025-03-11 22:04:49"}
{"level":"trace","message":"Stopping stream","timestamp":"2025-03-11 22:04:54"}
{"level":"trace","message":"Starting stream","timestamp":"2025-03-11 22:05:04"}
{"level":"trace","message":"Stopping stream","timestamp":"2025-03-11 22:05:08"}
{"level":"trace","message":"Starting stream","timestamp":"2025-03-11 22:05:08"}
{"level":"trace","message":"Stopping stream","timestamp":"2025-03-11 22:05:08"}
{"level":"trace","message":"Starting stream","timestamp":"2025-03-11 22:05:15"}
{"level":"warn","message":"Capturing failed, attempting to retry: attempt 1","timestamp":"2025-03-11 22:05:20"}
{"level":"trace","message":"Stopping stream","timestamp":"2025-03-11 22:05:21"}
{"level":"trace","message":"Starting stream","timestamp":"2025-03-11 22:05:23"}
{"level":"warn","message":"Capturing failed, attempting to retry: attempt 1","timestamp":"2025-03-11 22:05:30"}
{"level":"trace","message":"Stopping stream","timestamp":"2025-03-11 22:05:31"}
{"level":"trace","message":"Starting stream","timestamp":"2025-03-11 22:05:32"}
{"level":"warn","message":"Capturing failed, attempting to retry: attempt 1","timestamp":"2025-03-11 22:05:42"}
{"level":"warn","message":"Capturing failed, attempting to retry: attempt 2","timestamp":"2025-03-11 22:05:43"}
{"level":"warn","message":"Capturing failed, attempting to retry: attempt 3","timestamp":"2025-03-11 22:05:44"}
{"level":"trace","message":"Stopping stream","timestamp":"2025-03-11 22:05:44"}
{"level":"trace","message":"Starting stream","timestamp":"2025-03-11 22:06:16"}
{"level":"trace","message":"Starting stream","timestamp":"2025-03-11 22:07:26"}
{"level":"trace","message":"Starting stream","timestamp":"2025-03-11 22:07:50"}
{"level":"trace","message":"Stopping stream","timestamp":"2025-03-11 22:07:58"}
{"level":"trace","message":"Starting stream","timestamp":"2025-03-11 22:08:03"}
{"level":"trace","message":"Stopping stream","timestamp":"2025-03-11 22:08:08"}
{"level":"trace","message":"Starting stream","timestamp":"2025-03-11 22:08:08"}
{"level":"trace","message":"Stopping stream","timestamp":"2025-03-11 22:08:08"}
{"level":"trace","message":"Starting stream","timestamp":"2025-03-11 22:08:14"}
{"level":"warn","message":"Capturing failed, attempting to retry: attempt 1","timestamp":"2025-03-11 22:08:21"}
{"level":"trace","message":"Stopping stream","timestamp":"2025-03-11 22:08:22"}
{"level":"trace","message":"Starting stream","timestamp":"2025-03-11 22:08:24"}
{"level":"warn","message":"Capturing failed, attempting to retry: attempt 1","timestamp":"2025-03-11 22:08:33"}
{"level":"warn","message":"Capturing failed, attempting to retry: attempt 2","timestamp":"2025-03-11 22:08:34"}
{"level":"trace","message":"Stopping stream","timestamp":"2025-03-11 22:08:34"}
{"level":"trace","message":"Starting stream","timestamp":"2025-03-11 22:08:36"}
{"level":"warn","message":"Capturing failed, attempting to retry: attempt 1","timestamp":"2025-03-11 22:08:49"}
{"level":"warn","message":"Capturing failed, attempting to retry: attempt 2","timestamp":"2025-03-11 22:08:50"}
{"level":"warn","message":"Capturing failed, attempting to retry: attempt 3","timestamp":"2025-03-11 22:08:51"}
{"level":"trace","message":"Stopping stream","timestamp":"2025-03-11 22:08:53"}
{"level":"trace","message":"Starting stream","timestamp":"2025-03-11 22:13:10"}
{"level":"trace","message":"Stopping stream","timestamp":"2025-03-11 22:13:15"}
{"level":"trace","message":"Starting stream","timestamp":"2025-03-11 22:13:20"}
{"level":"trace","message":"Starting stream","timestamp":"2025-03-11 22:13:42"}
{"level":"trace","message":"Stopping stream","timestamp":"2025-03-11 22:13:44"}
{"level":"trace","message":"Starting stream","timestamp":"2025-03-11 22:14:51"}
{"level":"trace","message":"Stopping stream","timestamp":"2025-03-11 22:14:56"}
{"level":"trace","message":"Starting stream","timestamp":"2025-03-11 22:15:01"}
{"level":"trace","message":"Stopping stream","timestamp":"2025-03-11 22:15:05"}
{"level":"trace","message":"Starting stream","timestamp":"2025-03-11 22:15:05"}
{"level":"trace","message":"Stopping stream","timestamp":"2025-03-11 22:15:05"}
{"level":"trace","message":"Starting stream","timestamp":"2025-03-11 22:15:05"}
{"level":"warn","message":"Capturing failed, attempting to retry: attempt 1","timestamp":"2025-03-11 22:15:10"}
{"level":"trace","message":"Stopping stream","timestamp":"2025-03-11 22:15:10"}
{"level":"trace","message":"Starting stream","timestamp":"2025-03-11 22:15:14"}
{"level":"warn","message":"Capturing failed, attempting to retry: attempt 1","timestamp":"2025-03-11 22:15:20"}
{"level":"trace","message":"Stopping stream","timestamp":"2025-03-11 22:15:20"}
{"level":"trace","message":"Starting stream","timestamp":"2025-03-11 22:15:25"}
{"level":"warn","message":"Capturing failed, attempting to retry: attempt 1","timestamp":"2025-03-11 22:15:32"}
{"level":"trace","message":"Stopping stream","timestamp":"2025-03-11 22:15:33"}
{"level":"trace","message":"Starting stream","timestamp":"2025-03-11 22:15:36"}
{"level":"warn","message":"Capturing failed, attempting to retry: attempt 1","timestamp":"2025-03-11 22:15:44"}
{"level":"warn","message":"Capturing failed, attempting to retry: attempt 2","timestamp":"2025-03-11 22:15:45"}
{"level":"trace","message":"Stopping stream","timestamp":"2025-03-11 22:15:46"}
{"level":"trace","message":"Starting stream","timestamp":"2025-03-11 22:15:50"}
{"level":"trace","message":"Stopping stream","timestamp":"2025-03-11 22:15:51"}
{"level":"trace","message":"Starting stream","timestamp":"2025-03-11 22:19:56"}
{"level":"trace","message":"Stopping stream","timestamp":"2025-03-11 22:20:44"}
{"level":"trace","message":"Starting stream","timestamp":"2025-03-11 22:20:49"}
{"level":"trace","message":"Stopping stream","timestamp":"2025-03-11 22:21:02"}
{"level":"trace","message":"Starting stream","timestamp":"2025-03-11 22:21:02"}
{"level":"trace","message":"Stopping stream","timestamp":"2025-03-11 22:21:02"}
{"level":"trace","message":"Starting stream","timestamp":"2025-03-11 22:21:10"}
{"level":"warn","message":"Capturing failed, attempting to retry: attempt 1","timestamp":"2025-03-11 22:21:15"}
{"level":"trace","message":"Stopping stream","timestamp":"2025-03-11 22:21:15"}
{"level":"trace","message":"Starting stream","timestamp":"2025-03-11 22:21:20"}
{"level":"warn","message":"Capturing failed, attempting to retry: attempt 1","timestamp":"2025-03-11 22:21:25"}
{"level":"trace","message":"Stopping stream","timestamp":"2025-03-11 22:21:25"}
{"level":"trace","message":"Starting stream","timestamp":"2025-03-11 22:21:29"}
{"level":"warn","message":"Capturing failed, attempting to retry: attempt 1","timestamp":"2025-03-11 22:21:35"}
{"level":"trace","message":"Stopping stream","timestamp":"2025-03-11 22:21:35"}
{"level":"trace","message":"Starting stream","timestamp":"2025-03-11 22:21:39"}
{"level":"warn","message":"Capturing failed, attempting to retry: attempt 1","timestamp":"2025-03-11 22:21:44"}
{"level":"trace","message":"Stopping stream","timestamp":"2025-03-11 22:21:45"}
{"level":"trace","message":"Starting stream","timestamp":"2025-03-11 22:21:49"}
{"level":"warn","message":"Capturing failed, attempting to retry: attempt 1","timestamp":"2025-03-11 22:21:57"}
{"level":"warn","message":"Capturing failed, attempting to retry: attempt 2","timestamp":"2025-03-11 22:21:58"}
{"level":"trace","message":"Stopping stream","timestamp":"2025-03-11 22:21:58"}
{"level":"trace","message":"Starting stream","timestamp":"2025-03-11 22:22:02"}
{"level":"trace","message":"Stopping stream","timestamp":"2025-03-11 22:22:03"}
{"level":"trace","message":"Starting stream","timestamp":"2025-03-12 05:26:03"}
{"level":"trace","message":"Stopping stream","timestamp":"2025-03-12 05:26:19"}
{"level":"trace","message":"Starting stream","timestamp":"2025-03-12 05:26:24"}
{"level":"trace","message":"Stopping stream","timestamp":"2025-03-12 05:26:28"}
{"level":"trace","message":"Starting stream","timestamp":"2025-03-12 05:26:28"}
{"level":"trace","message":"Stopping stream","timestamp":"2025-03-12 05:26:29"}
{"level":"trace","message":"Starting stream","timestamp":"2025-03-12 05:26:37"}
{"level":"warn","message":"Capturing failed, attempting to retry: attempt 1","timestamp":"2025-03-12 05:26:51"}
{"level":"warn","message":"Capturing failed, attempting to retry: attempt 2","timestamp":"2025-03-12 05:26:52"}
{"level":"warn","message":"Capturing failed, attempting to retry: attempt 3","timestamp":"2025-03-12 05:26:53"}
{"level":"trace","message":"Stopping stream","timestamp":"2025-03-12 05:26:55"}
{"level":"trace","message":"Starting stream","timestamp":"2025-03-12 05:28:40"}
{"level":"warn","message":"Capturing failed, attempting to retry: attempt 1","timestamp":"2025-03-12 05:28:47"}
{"level":"trace","message":"Stopping stream","timestamp":"2025-03-12 05:28:47"}
{"level":"trace","message":"Starting stream","timestamp":"2025-03-12 05:28:51"}
{"level":"warn","message":"Capturing failed, attempting to retry: attempt 1","timestamp":"2025-03-12 05:29:11"}
{"level":"trace","message":"Stopping stream","timestamp":"2025-03-12 05:29:11"}
{"level":"trace","message":"Starting stream","timestamp":"2025-03-12 05:29:16"}
{"level":"trace","message":"Stopping stream","timestamp":"2025-03-12 05:29:24"}
{"level":"trace","message":"Starting stream","timestamp":"2025-03-12 05:29:36"}
{"level":"trace","message":"Stopping stream","timestamp":"2025-03-12 05:29:49"}
{"level":"trace","message":"Starting stream","timestamp":"2025-03-12 05:29:53"}
{"level":"trace","message":"Starting stream","timestamp":"2025-03-12 05:30:16"}
{"level":"trace","message":"Stopping stream","timestamp":"2025-03-12 05:30:25"}
{"level":"trace","message":"Starting stream","timestamp":"2025-03-12 05:30:27"}
{"level":"trace","message":"Stopping stream","timestamp":"2025-03-12 05:30:33"}
{"level":"trace","message":"Starting stream","timestamp":"2025-03-12 05:30:37"}
{"level":"trace","message":"Stopping stream","timestamp":"2025-03-12 05:30:43"}
{"level":"trace","message":"Starting stream","timestamp":"2025-03-12 05:30:44"}
{"level":"trace","message":"Stopping stream","timestamp":"2025-03-12 05:30:51"}
{"level":"trace","message":"Starting stream","timestamp":"2025-03-12 10:28:08"}
{"level":"trace","message":"Stopping stream","timestamp":"2025-03-12 10:28:17"}
{"level":"trace","message":"Starting stream","timestamp":"2025-03-12 10:28:18"}
{"level":"warn","message":"Capturing failed, attempting to retry: attempt 1","timestamp":"2025-03-12 10:28:19"}
{"level":"trace","message":"Stopping stream","timestamp":"2025-03-12 10:28:19"}
{"level":"trace","message":"Starting stream","timestamp":"2025-03-12 10:28:27"}
{"level":"trace","message":"Stopping stream","timestamp":"2025-03-12 10:28:29"}
{"level":"trace","message":"Starting stream","timestamp":"2025-03-12 10:29:41"}
{"level":"trace","message":"Stopping stream","timestamp":"2025-03-12 10:29:57"}
{"level":"trace","message":"Starting stream","timestamp":"2025-03-12 10:30:02"}
{"level":"trace","message":"Stopping stream","timestamp":"2025-03-12 10:30:11"}
{"level":"trace","message":"Starting stream","timestamp":"2025-03-12 10:30:12"}
{"level":"warn","message":"Capturing failed, attempting to retry: attempt 1","timestamp":"2025-03-12 10:30:17"}
{"level":"trace","message":"Stopping stream","timestamp":"2025-03-12 10:30:17"}
{"level":"trace","message":"Starting stream","timestamp":"2025-03-12 10:30:21"}
{"level":"warn","message":"Capturing failed, attempting to retry: attempt 1","timestamp":"2025-03-12 10:30:25"}
{"level":"trace","message":"Stopping stream","timestamp":"2025-03-12 10:30:25"}
{"level":"trace","message":"Starting stream","timestamp":"2025-03-12 10:30:30"}
{"level":"warn","message":"Capturing failed, attempting to retry: attempt 1","timestamp":"2025-03-12 10:30:39"}
{"level":"trace","message":"Stopping stream","timestamp":"2025-03-12 10:30:39"}
{"level":"trace","message":"Starting stream","timestamp":"2025-03-12 10:30:43"}
{"level":"trace","message":"Stopping stream","timestamp":"2025-03-12 10:30:56"}
{"level":"trace","message":"Starting stream","timestamp":"2025-03-12 10:33:40"}
{"level":"trace","message":"Stopping stream","timestamp":"2025-03-12 10:33:57"}
{"level":"trace","message":"Starting stream","timestamp":"2025-03-12 10:34:22"}
{"level":"trace","message":"Stopping stream","timestamp":"2025-03-12 10:34:35"}
{"level":"trace","message":"Starting stream","timestamp":"2025-03-12 10:34:35"}
{"level":"trace","message":"Stopping stream","timestamp":"2025-03-12 10:34:35"}
{"level":"trace","message":"Starting stream","timestamp":"2025-03-12 10:34:43"}
{"level":"warn","message":"Capturing failed, attempting to retry: attempt 1","timestamp":"2025-03-12 10:34:52"}
{"level":"warn","message":"Capturing failed, attempting to retry: attempt 2","timestamp":"2025-03-12 10:34:53"}
{"level":"trace","message":"Stopping stream","timestamp":"2025-03-12 10:34:54"}
{"level":"trace","message":"Starting stream","timestamp":"2025-03-12 10:34:58"}
{"level":"trace","message":"Starting stream","timestamp":"2025-03-12 10:40:17"}
{"level":"trace","message":"Starting stream","timestamp":"2025-03-12 10:40:34"}
{"level":"trace","message":"Starting stream","timestamp":"2025-03-12 10:41:37"}
{"level":"trace","message":"Stopping stream","timestamp":"2025-03-12 10:41:42"}
{"level":"trace","message":"Starting stream","timestamp":"2025-03-12 10:41:44"}
{"level":"trace","message":"Stopping stream","timestamp":"2025-03-12 10:41:51"}
{"level":"trace","message":"Starting stream","timestamp":"2025-03-12 10:41:51"}
{"level":"trace","message":"Stopping stream","timestamp":"2025-03-12 10:41:51"}
{"level":"trace","message":"Starting stream","timestamp":"2025-03-12 10:41:59"}
{"level":"warn","message":"Capturing failed, attempting to retry: attempt 1","timestamp":"2025-03-12 10:42:04"}
{"level":"trace","message":"Stopping stream","timestamp":"2025-03-12 10:42:04"}
{"level":"trace","message":"Starting stream","timestamp":"2025-03-12 10:42:09"}
{"level":"warn","message":"Capturing failed, attempting to retry: attempt 1","timestamp":"2025-03-12 10:42:14"}
{"level":"trace","message":"Stopping stream","timestamp":"2025-03-12 10:42:14"}
{"level":"trace","message":"Starting stream","timestamp":"2025-03-12 10:42:18"}
{"level":"warn","message":"Capturing failed, attempting to retry: attempt 1","timestamp":"2025-03-12 10:42:24"}
{"level":"trace","message":"Stopping stream","timestamp":"2025-03-12 10:42:24"}
{"level":"trace","message":"Starting stream","timestamp":"2025-03-12 10:42:28"}
{"level":"warn","message":"Capturing failed, attempting to retry: attempt 1","timestamp":"2025-03-12 10:42:34"}
{"level":"trace","message":"Stopping stream","timestamp":"2025-03-12 10:42:35"}
{"level":"trace","message":"Starting stream","timestamp":"2025-03-12 10:42:39"}
{"level":"warn","message":"Capturing failed, attempting to retry: attempt 1","timestamp":"2025-03-12 10:42:47"}
{"level":"warn","message":"Capturing failed, attempting to retry: attempt 2","timestamp":"2025-03-12 10:42:48"}
{"level":"trace","message":"Stopping stream","timestamp":"2025-03-12 10:42:48"}
{"level":"trace","message":"Starting stream","timestamp":"2025-03-12 10:42:52"}
{"level":"trace","message":"Stopping stream","timestamp":"2025-03-12 10:42:53"}
{"level":"info","message":"Upload Worker starts","timestamp":"2025-03-14 10:17:13"}
{"level":"info","message":null,"timestamp":"2025-03-14 10:17:13"}
{"level":"info","message":"Upload Worker starts","timestamp":"2025-03-14 10:17:13"}
{"level":"info","message":null,"timestamp":"2025-03-14 10:17:13"}
{"level":"info","message":"Upload Worker starts","timestamp":"2025-03-14 10:17:13"}
{"level":"info","message":null,"timestamp":"2025-03-14 10:17:13"}
{"level":"info","message":"Upload Worker starts","timestamp":"2025-03-14 10:17:13"}
{"level":"info","message":null,"timestamp":"2025-03-14 10:17:13"}
{"level":"info","message":"Upload Worker starts","timestamp":"2025-03-14 10:17:13"}
{"level":"info","message":null,"timestamp":"2025-03-14 10:17:13"}
{"level":"info","timestamp":"2025-03-14 10:17:13"}
{"level":"info","message":"200 - ","timestamp":"2025-03-14 10:17:13"}
{"level":"info","timestamp":"2025-03-14 10:17:16"}
{"level":"info","message":"200 - ","timestamp":"2025-03-14 10:17:16"}
{"level":"info","timestamp":"2025-03-14 10:17:18"}
{"level":"info","message":"200 - ","timestamp":"2025-03-14 10:17:18"}
{"level":"info","timestamp":"2025-03-14 10:17:18"}
{"level":"info","message":"200 - ","timestamp":"2025-03-14 10:17:18"}
{"level":"info","timestamp":"2025-03-14 10:17:18"}
{"level":"info","message":"200 - ","timestamp":"2025-03-14 10:17:18"}
{"level":"info","message":"Upload Worker starts","timestamp":"2025-03-14 13:38:29"}
{"level":"info","message":null,"timestamp":"2025-03-14 13:38:29"}
{"level":"info","message":"Upload Worker starts","timestamp":"2025-03-14 13:38:29"}
{"level":"info","message":null,"timestamp":"2025-03-14 13:38:29"}
{"level":"info","message":"Upload Worker starts","timestamp":"2025-03-14 13:38:29"}
{"level":"info","message":null,"timestamp":"2025-03-14 13:38:29"}
{"level":"info","message":"Upload Worker starts","timestamp":"2025-03-14 13:38:29"}
{"level":"info","message":null,"timestamp":"2025-03-14 13:38:29"}
{"level":"info","timestamp":"2025-03-14 13:38:32"}
{"level":"info","message":"200 - ","timestamp":"2025-03-14 13:38:32"}
{"level":"info","timestamp":"2025-03-14 13:38:34"}
{"level":"info","message":"200 - ","timestamp":"2025-03-14 13:38:34"}
{"level":"info","timestamp":"2025-03-14 13:38:34"}
{"level":"info","message":"200 - ","timestamp":"2025-03-14 13:38:34"}
{"level":"info","timestamp":"2025-03-14 13:38:35"}
{"level":"info","message":"200 - ","timestamp":"2025-03-14 13:38:35"}
{"level":"info","message":"Upload Worker starts","timestamp":"2025-03-14 13:57:48"}
{"level":"info","message":null,"timestamp":"2025-03-14 13:57:48"}
{"level":"info","message":"Upload Worker starts","timestamp":"2025-03-14 13:57:48"}
{"level":"info","message":null,"timestamp":"2025-03-14 13:57:48"}
{"level":"info","message":"Upload Worker starts","timestamp":"2025-03-14 13:57:48"}
{"level":"info","message":null,"timestamp":"2025-03-14 13:57:48"}
{"level":"info","message":"Upload Worker starts","timestamp":"2025-03-14 13:57:48"}
{"level":"info","message":null,"timestamp":"2025-03-14 13:57:48"}
{"level":"info","timestamp":"2025-03-14 13:57:51"}
{"level":"info","message":"200 - ","timestamp":"2025-03-14 13:57:51"}
{"level":"info","timestamp":"2025-03-14 13:57:51"}
{"level":"info","message":"200 - ","timestamp":"2025-03-14 13:57:51"}
{"level":"info","timestamp":"2025-03-14 13:57:53"}
{"level":"info","message":"200 - ","timestamp":"2025-03-14 13:57:53"}
{"level":"info","timestamp":"2025-03-14 13:57:53"}
{"level":"info","message":"200 - ","timestamp":"2025-03-14 13:57:53"}
{"level":"info","message":"Upload Worker starts","timestamp":"2025-03-14 17:48:14"}
{"level":"info","message":null,"timestamp":"2025-03-14 17:48:14"}
{"level":"info","message":"Upload Worker starts","timestamp":"2025-03-14 17:48:14"}
{"level":"info","message":null,"timestamp":"2025-03-14 17:48:14"}
{"level":"info","message":"Upload Worker starts","timestamp":"2025-03-14 17:48:14"}
{"level":"info","message":null,"timestamp":"2025-03-14 17:48:14"}
{"level":"info","message":"Upload Worker starts","timestamp":"2025-03-14 17:48:14"}
{"level":"info","message":null,"timestamp":"2025-03-14 17:48:14"}
{"level":"info","timestamp":"2025-03-14 17:48:14"}
{"level":"info","message":"200 - ","timestamp":"2025-03-14 17:48:14"}
{"level":"info","timestamp":"2025-03-14 17:48:14"}
{"level":"info","message":"200 - ","timestamp":"2025-03-14 17:48:14"}
{"level":"info","timestamp":"2025-03-14 17:48:14"}
{"level":"info","message":"200 - ","timestamp":"2025-03-14 17:48:14"}
{"level":"info","timestamp":"2025-03-14 17:48:15"}
{"level":"info","message":"200 - ","timestamp":"2025-03-14 17:48:15"}
{"level":"info","message":"Upload Worker starts","timestamp":"2025-03-14 17:50:44"}
{"level":"info","message":null,"timestamp":"2025-03-14 17:50:44"}
{"level":"info","message":"Upload Worker starts","timestamp":"2025-03-14 17:50:44"}
{"level":"info","message":null,"timestamp":"2025-03-14 17:50:44"}
{"level":"info","message":"Upload Worker starts","timestamp":"2025-03-14 17:50:44"}
{"level":"info","message":null,"timestamp":"2025-03-14 17:50:44"}
{"level":"info","message":"Upload Worker starts","timestamp":"2025-03-14 17:50:44"}
{"level":"info","message":null,"timestamp":"2025-03-14 17:50:44"}
{"level":"info","timestamp":"2025-03-14 17:50:45"}
{"level":"info","message":"200 - ","timestamp":"2025-03-14 17:50:45"}
{"level":"info","timestamp":"2025-03-14 17:50:45"}
{"level":"info","message":"200 - ","timestamp":"2025-03-14 17:50:45"}
{"level":"info","timestamp":"2025-03-14 17:50:45"}
{"level":"info","message":"200 - ","timestamp":"2025-03-14 17:50:45"}
{"level":"info","timestamp":"2025-03-14 17:50:45"}
{"level":"info","message":"200 - ","timestamp":"2025-03-14 17:50:45"}
{"level":"info","message":"Upload Worker starts","timestamp":"2025-03-14 17:50:54"}
{"level":"info","message":null,"timestamp":"2025-03-14 17:50:54"}
{"level":"info","timestamp":"2025-03-14 17:50:55"}
{"level":"info","message":"200 - ","timestamp":"2025-03-14 17:50:55"}
{"level":"info","message":"Upload Worker starts","timestamp":"2025-03-14 17:51:02"}
{"level":"info","message":null,"timestamp":"2025-03-14 17:51:02"}
{"level":"info","timestamp":"2025-03-14 17:51:02"}
{"level":"info","message":"200 - ","timestamp":"2025-03-14 17:51:02"}
{"level":"info","message":"Upload Worker starts","timestamp":"2025-03-14 17:58:19"}
{"level":"info","message":null,"timestamp":"2025-03-14 17:58:19"}
{"level":"info","timestamp":"2025-03-14 17:58:19"}
{"level":"info","message":"200 - ","timestamp":"2025-03-14 17:58:19"}
{"level":"info","message":"Upload Worker starts","timestamp":"2025-03-14 17:59:55"}
{"level":"info","message":null,"timestamp":"2025-03-14 17:59:55"}
{"level":"info","message":"Upload Worker starts","timestamp":"2025-03-14 17:59:55"}
{"level":"info","message":null,"timestamp":"2025-03-14 17:59:55"}
{"level":"info","message":"Upload Worker starts","timestamp":"2025-03-14 17:59:55"}
{"level":"info","message":null,"timestamp":"2025-03-14 17:59:55"}
{"level":"info","message":"Upload Worker starts","timestamp":"2025-03-14 17:59:55"}
{"level":"info","message":null,"timestamp":"2025-03-14 17:59:55"}
{"level":"info","timestamp":"2025-03-14 17:59:55"}
{"level":"info","message":"200 - ","timestamp":"2025-03-14 17:59:55"}
{"level":"info","timestamp":"2025-03-14 17:59:56"}
{"level":"info","message":"200 - ","timestamp":"2025-03-14 17:59:56"}
{"level":"info","timestamp":"2025-03-14 17:59:56"}
{"level":"info","message":"200 - ","timestamp":"2025-03-14 17:59:56"}
{"level":"info","timestamp":"2025-03-14 17:59:56"}
{"level":"info","message":"200 - ","timestamp":"2025-03-14 17:59:56"}
{"level":"info","message":"Upload Worker starts","timestamp":"2025-03-14 18:01:48"}
{"level":"info","message":null,"timestamp":"2025-03-14 18:01:48"}
{"level":"info","message":"Upload Worker starts","timestamp":"2025-03-14 18:01:48"}
{"level":"info","message":null,"timestamp":"2025-03-14 18:01:48"}
{"level":"info","message":"Upload Worker starts","timestamp":"2025-03-14 18:01:48"}
{"level":"info","message":null,"timestamp":"2025-03-14 18:01:48"}
{"level":"info","message":"Upload Worker starts","timestamp":"2025-03-14 18:01:48"}
{"level":"info","message":null,"timestamp":"2025-03-14 18:01:48"}
{"level":"info","timestamp":"2025-03-14 18:01:48"}
{"level":"info","message":"200 - ","timestamp":"2025-03-14 18:01:48"}
{"level":"info","timestamp":"2025-03-14 18:01:48"}
{"level":"info","message":"200 - ","timestamp":"2025-03-14 18:01:48"}
{"level":"info","timestamp":"2025-03-14 18:01:49"}
{"level":"info","message":"200 - ","timestamp":"2025-03-14 18:01:49"}
{"level":"info","timestamp":"2025-03-14 18:01:49"}
{"level":"info","message":"200 - ","timestamp":"2025-03-14 18:01:49"}
{"level":"info","message":"Upload Worker starts","timestamp":"2025-03-14 18:04:41"}
{"level":"info","message":null,"timestamp":"2025-03-14 18:04:41"}
{"level":"info","message":"Upload Worker starts","timestamp":"2025-03-14 18:04:41"}
{"level":"info","message":null,"timestamp":"2025-03-14 18:04:41"}
{"level":"info","message":"Upload Worker starts","timestamp":"2025-03-14 18:04:41"}
{"level":"info","message":null,"timestamp":"2025-03-14 18:04:41"}
{"level":"info","message":"Upload Worker starts","timestamp":"2025-03-14 18:04:41"}
{"level":"info","message":null,"timestamp":"2025-03-14 18:04:41"}
{"level":"info","timestamp":"2025-03-14 18:04:41"}
{"level":"info","message":"200 - ","timestamp":"2025-03-14 18:04:41"}
{"level":"info","timestamp":"2025-03-14 18:04:41"}
{"level":"info","message":"200 - ","timestamp":"2025-03-14 18:04:41"}
{"level":"info","timestamp":"2025-03-14 18:04:42"}
{"level":"info","message":"200 - ","timestamp":"2025-03-14 18:04:42"}
{"level":"info","timestamp":"2025-03-14 18:04:42"}
{"level":"info","message":"200 - ","timestamp":"2025-03-14 18:04:42"}
{"level":"info","message":"Upload Worker starts","timestamp":"2025-03-14 18:35:36"}
{"level":"info","message":null,"timestamp":"2025-03-14 18:35:36"}
{"level":"info","message":"Upload Worker starts","timestamp":"2025-03-14 18:35:36"}
{"level":"info","message":null,"timestamp":"2025-03-14 18:35:36"}
{"level":"info","message":"Upload Worker starts","timestamp":"2025-03-14 18:35:36"}
{"level":"info","message":null,"timestamp":"2025-03-14 18:35:36"}
{"level":"info","message":"Upload Worker starts","timestamp":"2025-03-14 18:35:36"}
{"level":"info","message":null,"timestamp":"2025-03-14 18:35:36"}
{"level":"info","timestamp":"2025-03-14 18:35:37"}
{"level":"info","message":"200 - ","timestamp":"2025-03-14 18:35:37"}
{"level":"info","timestamp":"2025-03-14 18:35:37"}
{"level":"info","message":"200 - ","timestamp":"2025-03-14 18:35:37"}
{"level":"info","timestamp":"2025-03-14 18:35:37"}
{"level":"info","message":"200 - ","timestamp":"2025-03-14 18:35:37"}
{"level":"info","timestamp":"2025-03-14 18:35:37"}
{"level":"info","message":"200 - ","timestamp":"2025-03-14 18:35:37"}
{"level":"info","message":"Upload Worker starts","timestamp":"2025-03-14 18:38:12"}
{"level":"info","message":null,"timestamp":"2025-03-14 18:38:12"}
{"level":"info","message":"Upload Worker starts","timestamp":"2025-03-14 18:38:12"}
{"level":"info","message":null,"timestamp":"2025-03-14 18:38:12"}
{"level":"info","message":"Upload Worker starts","timestamp":"2025-03-14 18:38:12"}
{"level":"info","message":null,"timestamp":"2025-03-14 18:38:12"}
{"level":"info","message":"Upload Worker starts","timestamp":"2025-03-14 18:38:12"}
{"level":"info","message":null,"timestamp":"2025-03-14 18:38:12"}
{"level":"info","message":"Upload Worker starts","timestamp":"2025-03-14 18:38:12"}
{"level":"info","message":null,"timestamp":"2025-03-14 18:38:12"}
{"level":"info","timestamp":"2025-03-14 18:38:12"}
{"level":"info","message":"200 - ","timestamp":"2025-03-14 18:38:12"}
{"level":"info","timestamp":"2025-03-14 18:38:12"}
{"level":"info","message":"200 - ","timestamp":"2025-03-14 18:38:12"}
{"level":"info","timestamp":"2025-03-14 18:38:13"}
{"level":"info","message":"200 - ","timestamp":"2025-03-14 18:38:13"}
{"level":"info","timestamp":"2025-03-14 18:38:13"}
{"level":"info","message":"200 - ","timestamp":"2025-03-14 18:38:13"}
{"level":"info","timestamp":"2025-03-14 18:38:13"}
{"level":"info","message":"200 - ","timestamp":"2025-03-14 18:38:13"}
{"level":"info","message":"Upload Worker starts","timestamp":"2025-03-14 18:39:10"}
{"level":"info","message":null,"timestamp":"2025-03-14 18:39:10"}
{"level":"info","message":"Upload Worker starts","timestamp":"2025-03-14 18:39:10"}
{"level":"info","message":null,"timestamp":"2025-03-14 18:39:10"}
{"level":"info","message":"Upload Worker starts","timestamp":"2025-03-14 18:39:10"}
{"level":"info","message":null,"timestamp":"2025-03-14 18:39:10"}
{"level":"info","message":"Upload Worker starts","timestamp":"2025-03-14 18:39:10"}
{"level":"info","message":null,"timestamp":"2025-03-14 18:39:10"}
{"level":"info","message":"Upload Worker starts","timestamp":"2025-03-14 18:39:10"}
{"level":"info","message":null,"timestamp":"2025-03-14 18:39:10"}
{"level":"info","timestamp":"2025-03-14 18:39:11"}
{"level":"info","message":"200 - ","timestamp":"2025-03-14 18:39:11"}
{"level":"info","timestamp":"2025-03-14 18:39:11"}
{"level":"info","message":"200 - ","timestamp":"2025-03-14 18:39:11"}
{"level":"info","timestamp":"2025-03-14 18:39:11"}
{"level":"info","message":"200 - ","timestamp":"2025-03-14 18:39:11"}
{"level":"info","timestamp":"2025-03-14 18:39:12"}
{"level":"info","message":"200 - ","timestamp":"2025-03-14 18:39:12"}
{"level":"info","timestamp":"2025-03-14 18:39:12"}
{"level":"info","message":"200 - ","timestamp":"2025-03-14 18:39:12"}
{"level":"info","message":"Upload Worker starts","timestamp":"2025-03-14 18:41:47"}
{"level":"info","message":null,"timestamp":"2025-03-14 18:41:47"}
{"level":"info","message":"Upload Worker starts","timestamp":"2025-03-14 18:41:47"}
{"level":"info","message":null,"timestamp":"2025-03-14 18:41:47"}
{"level":"info","message":"Upload Worker starts","timestamp":"2025-03-14 18:41:47"}
{"level":"info","message":null,"timestamp":"2025-03-14 18:41:47"}
{"level":"info","message":"Upload Worker starts","timestamp":"2025-03-14 18:41:47"}
{"level":"info","message":null,"timestamp":"2025-03-14 18:41:47"}
{"level":"info","message":"Upload Worker starts","timestamp":"2025-03-14 18:41:47"}
{"level":"info","message":null,"timestamp":"2025-03-14 18:41:47"}
{"level":"info","timestamp":"2025-03-14 18:41:48"}
{"level":"info","message":"200 - ","timestamp":"2025-03-14 18:41:48"}
{"level":"info","timestamp":"2025-03-14 18:41:48"}
{"level":"info","message":"200 - ","timestamp":"2025-03-14 18:41:48"}
{"level":"info","timestamp":"2025-03-14 18:41:48"}
{"level":"info","message":"200 - ","timestamp":"2025-03-14 18:41:48"}
{"level":"info","timestamp":"2025-03-14 18:41:48"}
{"level":"info","message":"200 - ","timestamp":"2025-03-14 18:41:48"}
{"level":"info","timestamp":"2025-03-14 18:41:48"}
{"level":"info","message":"200 - ","timestamp":"2025-03-14 18:41:48"}
{"level":"info","message":"Upload Worker starts","timestamp":"2025-03-14 19:52:36"}
{"level":"info","message":null,"timestamp":"2025-03-14 19:52:36"}
{"level":"info","message":"Upload Worker starts","timestamp":"2025-03-14 19:52:36"}
{"level":"info","message":null,"timestamp":"2025-03-14 19:52:36"}
{"level":"info","message":"Upload Worker starts","timestamp":"2025-03-14 19:52:36"}
{"level":"info","message":null,"timestamp":"2025-03-14 19:52:36"}
{"level":"info","timestamp":"2025-03-14 19:52:36"}
{"level":"info","message":"200 - ","timestamp":"2025-03-14 19:52:36"}
{"level":"info","timestamp":"2025-03-14 19:52:36"}
{"level":"info","message":"200 - ","timestamp":"2025-03-14 19:52:36"}
{"level":"info","timestamp":"2025-03-14 19:52:36"}
{"level":"info","message":"200 - ","timestamp":"2025-03-14 19:52:36"}
{"level":"info","message":"Upload Worker starts","timestamp":"2025-03-14 21:54:02"}
{"level":"info","message":null,"timestamp":"2025-03-14 21:54:02"}
{"level":"info","message":"Upload Worker starts","timestamp":"2025-03-14 21:54:02"}
{"level":"info","message":null,"timestamp":"2025-03-14 21:54:02"}
{"level":"info","message":"Upload Worker starts","timestamp":"2025-03-14 21:54:02"}
{"level":"info","message":null,"timestamp":"2025-03-14 21:54:02"}
{"level":"info","message":"Upload Worker starts","timestamp":"2025-03-14 21:54:02"}
{"level":"info","message":null,"timestamp":"2025-03-14 21:54:02"}
{"level":"info","timestamp":"2025-03-14 21:54:03"}
{"level":"info","message":"200 - ","timestamp":"2025-03-14 21:54:03"}
{"level":"info","timestamp":"2025-03-14 21:54:03"}
{"level":"info","message":"200 - ","timestamp":"2025-03-14 21:54:03"}
{"level":"info","timestamp":"2025-03-14 21:54:03"}
{"level":"info","message":"200 - ","timestamp":"2025-03-14 21:54:03"}
{"level":"info","timestamp":"2025-03-14 21:54:03"}
{"level":"info","message":"200 - ","timestamp":"2025-03-14 21:54:03"}
{"level":"info","message":"Upload Worker starts","timestamp":"2025-03-14 21:55:50"}
{"level":"info","message":null,"timestamp":"2025-03-14 21:55:50"}
{"level":"info","message":"Upload Worker starts","timestamp":"2025-03-14 21:55:50"}
{"level":"info","message":null,"timestamp":"2025-03-14 21:55:50"}
{"level":"info","message":"Upload Worker starts","timestamp":"2025-03-14 21:55:50"}
{"level":"info","message":null,"timestamp":"2025-03-14 21:55:50"}
{"level":"info","message":"Upload Worker starts","timestamp":"2025-03-14 21:55:50"}
{"level":"info","message":null,"timestamp":"2025-03-14 21:55:50"}
{"level":"info","timestamp":"2025-03-14 21:55:51"}
{"level":"info","message":"200 - ","timestamp":"2025-03-14 21:55:51"}
{"level":"info","timestamp":"2025-03-14 21:55:51"}
{"level":"info","message":"200 - ","timestamp":"2025-03-14 21:55:51"}
{"level":"info","timestamp":"2025-03-14 21:55:51"}
{"level":"info","message":"200 - ","timestamp":"2025-03-14 21:55:51"}
{"level":"info","timestamp":"2025-03-14 21:55:51"}
{"level":"info","message":"200 - ","timestamp":"2025-03-14 21:55:51"}
{"level":"info","message":"Upload Worker starts","timestamp":"2025-03-14 21:57:20"}
{"level":"info","message":null,"timestamp":"2025-03-14 21:57:20"}
{"level":"info","message":"Upload Worker starts","timestamp":"2025-03-14 21:57:20"}
{"level":"info","message":null,"timestamp":"2025-03-14 21:57:20"}
{"level":"info","message":"Upload Worker starts","timestamp":"2025-03-14 21:57:20"}
{"level":"info","message":null,"timestamp":"2025-03-14 21:57:20"}
{"level":"info","message":"Upload Worker starts","timestamp":"2025-03-14 21:57:20"}
{"level":"info","message":null,"timestamp":"2025-03-14 21:57:20"}
{"level":"info","timestamp":"2025-03-14 21:57:21"}
{"level":"info","message":"200 - ","timestamp":"2025-03-14 21:57:21"}
{"level":"info","timestamp":"2025-03-14 21:57:21"}
{"level":"info","message":"200 - ","timestamp":"2025-03-14 21:57:21"}
{"level":"info","timestamp":"2025-03-14 21:57:21"}
{"level":"info","message":"200 - ","timestamp":"2025-03-14 21:57:21"}
{"level":"info","timestamp":"2025-03-14 21:57:21"}
{"level":"info","message":"200 - ","timestamp":"2025-03-14 21:57:21"}
{"level":"info","message":"Upload Worker starts","timestamp":"2025-03-14 22:00:34"}
{"level":"info","message":null,"timestamp":"2025-03-14 22:00:34"}
{"level":"info","message":"Upload Worker starts","timestamp":"2025-03-14 22:00:34"}
{"level":"info","message":null,"timestamp":"2025-03-14 22:00:34"}
{"level":"info","message":"Upload Worker starts","timestamp":"2025-03-14 22:00:34"}
{"level":"info","message":null,"timestamp":"2025-03-14 22:00:34"}
{"level":"info","message":"Upload Worker starts","timestamp":"2025-03-14 22:00:34"}
{"level":"info","message":null,"timestamp":"2025-03-14 22:00:34"}
{"level":"info","timestamp":"2025-03-14 22:00:35"}
{"level":"info","message":"200 - ","timestamp":"2025-03-14 22:00:35"}
{"level":"info","timestamp":"2025-03-14 22:00:35"}
{"level":"info","message":"200 - ","timestamp":"2025-03-14 22:00:35"}
{"level":"info","timestamp":"2025-03-14 22:00:35"}
{"level":"info","message":"200 - ","timestamp":"2025-03-14 22:00:35"}
{"level":"info","timestamp":"2025-03-14 22:00:35"}
{"level":"info","message":"200 - ","timestamp":"2025-03-14 22:00:35"}
{"level":"info","message":"Upload Worker starts","timestamp":"2025-03-14 22:00:46"}
{"level":"info","message":null,"timestamp":"2025-03-14 22:00:46"}
{"level":"info","message":"Upload Worker starts","timestamp":"2025-03-14 22:00:46"}
{"level":"info","message":null,"timestamp":"2025-03-14 22:00:46"}
{"level":"info","message":"Upload Worker starts","timestamp":"2025-03-14 22:00:46"}
{"level":"info","message":null,"timestamp":"2025-03-14 22:00:46"}
{"level":"info","message":"Upload Worker starts","timestamp":"2025-03-14 22:00:46"}
{"level":"info","message":null,"timestamp":"2025-03-14 22:00:46"}
{"level":"info","timestamp":"2025-03-14 22:00:46"}
{"level":"info","message":"200 - ","timestamp":"2025-03-14 22:00:46"}
{"level":"info","timestamp":"2025-03-14 22:00:46"}
{"level":"info","message":"200 - ","timestamp":"2025-03-14 22:00:46"}
{"level":"info","timestamp":"2025-03-14 22:00:46"}
{"level":"info","message":"200 - ","timestamp":"2025-03-14 22:00:46"}
{"level":"info","timestamp":"2025-03-14 22:00:46"}
{"level":"info","message":"200 - ","timestamp":"2025-03-14 22:00:46"}
{"level":"info","message":"Upload Worker starts","timestamp":"2025-03-14 22:00:55"}
{"level":"info","message":null,"timestamp":"2025-03-14 22:00:55"}
{"level":"info","message":"Upload Worker starts","timestamp":"2025-03-14 22:00:55"}
{"level":"info","message":null,"timestamp":"2025-03-14 22:00:55"}
{"level":"info","message":"Upload Worker starts","timestamp":"2025-03-14 22:00:55"}
{"level":"info","message":null,"timestamp":"2025-03-14 22:00:55"}
{"level":"info","message":"Upload Worker starts","timestamp":"2025-03-14 22:00:55"}
{"level":"info","message":null,"timestamp":"2025-03-14 22:00:55"}
{"level":"info","timestamp":"2025-03-14 22:00:55"}
{"level":"info","message":"200 - ","timestamp":"2025-03-14 22:00:55"}
{"level":"info","timestamp":"2025-03-14 22:00:55"}
{"level":"info","message":"200 - ","timestamp":"2025-03-14 22:00:55"}
{"level":"info","timestamp":"2025-03-14 22:00:56"}
{"level":"info","message":"200 - ","timestamp":"2025-03-14 22:00:56"}
{"level":"info","timestamp":"2025-03-14 22:00:56"}
{"level":"info","message":"200 - ","timestamp":"2025-03-14 22:00:56"}
{"level":"info","message":"Upload Worker starts","timestamp":"2025-03-14 22:00:58"}
{"level":"info","message":null,"timestamp":"2025-03-14 22:00:58"}
{"level":"info","message":"Upload Worker starts","timestamp":"2025-03-14 22:00:58"}
{"level":"info","message":null,"timestamp":"2025-03-14 22:00:58"}
{"level":"info","message":"Upload Worker starts","timestamp":"2025-03-14 22:00:58"}
{"level":"info","message":null,"timestamp":"2025-03-14 22:00:58"}
{"level":"info","message":"Upload Worker starts","timestamp":"2025-03-14 22:00:58"}
{"level":"info","message":null,"timestamp":"2025-03-14 22:00:58"}
{"level":"info","timestamp":"2025-03-14 22:00:59"}
{"level":"info","message":"200 - ","timestamp":"2025-03-14 22:00:59"}
{"level":"info","timestamp":"2025-03-14 22:00:59"}
{"level":"info","message":"200 - ","timestamp":"2025-03-14 22:00:59"}
{"level":"info","timestamp":"2025-03-14 22:00:59"}
{"level":"info","message":"200 - ","timestamp":"2025-03-14 22:00:59"}
{"level":"info","timestamp":"2025-03-14 22:00:59"}
{"level":"info","message":"200 - ","timestamp":"2025-03-14 22:00:59"}
{"level":"info","message":"Upload Worker starts","timestamp":"2025-03-14 22:01:03"}
{"level":"info","message":null,"timestamp":"2025-03-14 22:01:03"}
{"level":"info","message":"Upload Worker starts","timestamp":"2025-03-14 22:01:03"}
{"level":"info","message":null,"timestamp":"2025-03-14 22:01:03"}
{"level":"info","message":"Upload Worker starts","timestamp":"2025-03-14 22:01:03"}
{"level":"info","message":null,"timestamp":"2025-03-14 22:01:03"}
{"level":"info","message":"Upload Worker starts","timestamp":"2025-03-14 22:01:03"}
{"level":"info","message":null,"timestamp":"2025-03-14 22:01:03"}
{"level":"info","timestamp":"2025-03-14 22:01:03"}
{"level":"info","message":"200 - ","timestamp":"2025-03-14 22:01:03"}
{"level":"info","timestamp":"2025-03-14 22:01:03"}
{"level":"info","message":"200 - ","timestamp":"2025-03-14 22:01:03"}
{"level":"info","timestamp":"2025-03-14 22:01:03"}
{"level":"info","message":"200 - ","timestamp":"2025-03-14 22:01:03"}
{"level":"info","timestamp":"2025-03-14 22:01:03"}
{"level":"info","message":"200 - ","timestamp":"2025-03-14 22:01:03"}
{"level":"info","message":"Upload Worker starts","timestamp":"2025-03-14 22:01:11"}
{"level":"info","message":null,"timestamp":"2025-03-14 22:01:11"}
{"level":"info","message":"Upload Worker starts","timestamp":"2025-03-14 22:01:11"}
{"level":"info","message":null,"timestamp":"2025-03-14 22:01:11"}
{"level":"info","message":"Upload Worker starts","timestamp":"2025-03-14 22:01:11"}
{"level":"info","message":null,"timestamp":"2025-03-14 22:01:11"}
{"level":"info","message":"Upload Worker starts","timestamp":"2025-03-14 22:01:11"}
{"level":"info","message":null,"timestamp":"2025-03-14 22:01:11"}
{"level":"info","timestamp":"2025-03-14 22:01:12"}
{"level":"info","message":"200 - ","timestamp":"2025-03-14 22:01:12"}
{"level":"info","timestamp":"2025-03-14 22:01:12"}
{"level":"info","message":"200 - ","timestamp":"2025-03-14 22:01:12"}
{"level":"info","timestamp":"2025-03-14 22:01:12"}
{"level":"info","message":"200 - ","timestamp":"2025-03-14 22:01:12"}
{"level":"info","timestamp":"2025-03-14 22:01:12"}
{"level":"info","message":"200 - ","timestamp":"2025-03-14 22:01:12"}
{"level":"info","message":"Upload Worker starts","timestamp":"2025-03-14 22:01:47"}
{"level":"info","message":null,"timestamp":"2025-03-14 22:01:47"}
{"level":"info","message":"Upload Worker starts","timestamp":"2025-03-14 22:01:47"}
{"level":"info","message":null,"timestamp":"2025-03-14 22:01:47"}
{"level":"info","message":"Upload Worker starts","timestamp":"2025-03-14 22:01:47"}
{"level":"info","message":null,"timestamp":"2025-03-14 22:01:47"}
{"level":"info","message":"Upload Worker starts","timestamp":"2025-03-14 22:01:47"}
{"level":"info","message":null,"timestamp":"2025-03-14 22:01:47"}
{"level":"info","timestamp":"2025-03-14 22:01:47"}
{"level":"info","message":"200 - ","timestamp":"2025-03-14 22:01:47"}
{"level":"info","timestamp":"2025-03-14 22:01:48"}
{"level":"info","message":"200 - ","timestamp":"2025-03-14 22:01:48"}
{"level":"info","timestamp":"2025-03-14 22:01:48"}
{"level":"info","message":"200 - ","timestamp":"2025-03-14 22:01:48"}
{"level":"info","timestamp":"2025-03-14 22:01:48"}
{"level":"info","message":"200 - ","timestamp":"2025-03-14 22:01:48"}
{"level":"info","message":"Upload Worker starts","timestamp":"2025-03-14 22:01:57"}
{"level":"info","message":null,"timestamp":"2025-03-14 22:01:57"}
{"level":"info","message":"Upload Worker starts","timestamp":"2025-03-14 22:01:57"}
{"level":"info","message":null,"timestamp":"2025-03-14 22:01:57"}
{"level":"info","message":"Upload Worker starts","timestamp":"2025-03-14 22:01:57"}
{"level":"info","message":null,"timestamp":"2025-03-14 22:01:57"}
{"level":"info","message":"Upload Worker starts","timestamp":"2025-03-14 22:01:57"}
{"level":"info","message":null,"timestamp":"2025-03-14 22:01:57"}
{"level":"info","timestamp":"2025-03-14 22:01:57"}
{"level":"info","message":"200 - ","timestamp":"2025-03-14 22:01:57"}
{"level":"info","timestamp":"2025-03-14 22:01:57"}
{"level":"info","message":"200 - ","timestamp":"2025-03-14 22:01:57"}
{"level":"info","timestamp":"2025-03-14 22:01:57"}
{"level":"info","message":"200 - ","timestamp":"2025-03-14 22:01:57"}
{"level":"info","timestamp":"2025-03-14 22:01:58"}
{"level":"info","message":"200 - ","timestamp":"2025-03-14 22:01:58"}
{"level":"info","message":"Upload Worker starts","timestamp":"2025-03-14 22:01:59"}
{"level":"info","message":null,"timestamp":"2025-03-14 22:01:59"}
{"level":"info","message":"Upload Worker starts","timestamp":"2025-03-14 22:02:00"}
{"level":"info","message":null,"timestamp":"2025-03-14 22:02:00"}
{"level":"info","message":"Upload Worker starts","timestamp":"2025-03-14 22:02:00"}
{"level":"info","message":null,"timestamp":"2025-03-14 22:02:00"}
{"level":"info","message":"Upload Worker starts","timestamp":"2025-03-14 22:02:00"}
{"level":"info","message":null,"timestamp":"2025-03-14 22:02:00"}
{"level":"info","timestamp":"2025-03-14 22:02:00"}
{"level":"info","message":"200 - ","timestamp":"2025-03-14 22:02:00"}
{"level":"info","timestamp":"2025-03-14 22:02:00"}
{"level":"info","message":"200 - ","timestamp":"2025-03-14 22:02:00"}
{"level":"info","timestamp":"2025-03-14 22:02:00"}
{"level":"info","message":"200 - ","timestamp":"2025-03-14 22:02:00"}
{"level":"info","timestamp":"2025-03-14 22:02:00"}
{"level":"info","message":"200 - ","timestamp":"2025-03-14 22:02:00"}
{"level":"info","message":"Upload Worker starts","timestamp":"2025-03-14 22:02:12"}
{"level":"info","message":null,"timestamp":"2025-03-14 22:02:12"}
{"level":"info","message":"Upload Worker starts","timestamp":"2025-03-14 22:02:12"}
{"level":"info","message":null,"timestamp":"2025-03-14 22:02:12"}
{"level":"info","message":"Upload Worker starts","timestamp":"2025-03-14 22:02:12"}
{"level":"info","message":null,"timestamp":"2025-03-14 22:02:12"}
{"level":"info","message":"Upload Worker starts","timestamp":"2025-03-14 22:02:12"}
{"level":"info","message":null,"timestamp":"2025-03-14 22:02:12"}
{"level":"info","timestamp":"2025-03-14 22:02:12"}
{"level":"info","message":"200 - ","timestamp":"2025-03-14 22:02:12"}
{"level":"info","timestamp":"2025-03-14 22:02:13"}
{"level":"info","message":"200 - ","timestamp":"2025-03-14 22:02:13"}
{"level":"info","timestamp":"2025-03-14 22:02:13"}
{"level":"info","message":"200 - ","timestamp":"2025-03-14 22:02:13"}
{"level":"info","timestamp":"2025-03-14 22:02:13"}
{"level":"info","message":"200 - ","timestamp":"2025-03-14 22:02:13"}
{"level":"info","message":"Upload Worker starts","timestamp":"2025-03-14 22:04:40"}
{"level":"info","message":null,"timestamp":"2025-03-14 22:04:40"}
{"level":"info","message":"Upload Worker starts","timestamp":"2025-03-14 22:04:40"}
{"level":"info","message":null,"timestamp":"2025-03-14 22:04:40"}
{"level":"info","message":"Upload Worker starts","timestamp":"2025-03-14 22:04:40"}
{"level":"info","message":null,"timestamp":"2025-03-14 22:04:40"}
{"level":"info","message":"Upload Worker starts","timestamp":"2025-03-14 22:04:40"}
{"level":"info","message":null,"timestamp":"2025-03-14 22:04:40"}
{"level":"info","timestamp":"2025-03-14 22:04:41"}
{"level":"info","message":"200 - ","timestamp":"2025-03-14 22:04:41"}
{"level":"info","timestamp":"2025-03-14 22:04:41"}
{"level":"info","message":"200 - ","timestamp":"2025-03-14 22:04:41"}
{"level":"info","timestamp":"2025-03-14 22:04:41"}
{"level":"info","message":"200 - ","timestamp":"2025-03-14 22:04:41"}
{"level":"info","timestamp":"2025-03-14 22:04:41"}
{"level":"info","message":"200 - ","timestamp":"2025-03-14 22:04:41"}
{"level":"info","message":"Upload Worker starts","timestamp":"2025-03-14 22:04:52"}
{"level":"info","message":null,"timestamp":"2025-03-14 22:04:52"}
{"level":"info","message":"Upload Worker starts","timestamp":"2025-03-14 22:04:52"}
{"level":"info","message":null,"timestamp":"2025-03-14 22:04:52"}
{"level":"info","message":"Upload Worker starts","timestamp":"2025-03-14 22:04:52"}
{"level":"info","message":null,"timestamp":"2025-03-14 22:04:52"}
{"level":"info","message":"Upload Worker starts","timestamp":"2025-03-14 22:04:52"}
{"level":"info","message":null,"timestamp":"2025-03-14 22:04:52"}
{"level":"info","timestamp":"2025-03-14 22:04:52"}
{"level":"info","message":"200 - ","timestamp":"2025-03-14 22:04:52"}
{"level":"info","timestamp":"2025-03-14 22:04:52"}
{"level":"info","message":"200 - ","timestamp":"2025-03-14 22:04:52"}
{"level":"info","timestamp":"2025-03-14 22:04:52"}
{"level":"info","message":"200 - ","timestamp":"2025-03-14 22:04:52"}
{"level":"info","timestamp":"2025-03-14 22:04:53"}
{"level":"info","message":"200 - ","timestamp":"2025-03-14 22:04:53"}
{"level":"info","message":"Upload Worker starts","timestamp":"2025-03-14 22:04:58"}
{"level":"info","message":null,"timestamp":"2025-03-14 22:04:58"}
{"level":"info","message":"Upload Worker starts","timestamp":"2025-03-14 22:04:58"}
{"level":"info","message":null,"timestamp":"2025-03-14 22:04:58"}
{"level":"info","message":"Upload Worker starts","timestamp":"2025-03-14 22:04:58"}
{"level":"info","message":null,"timestamp":"2025-03-14 22:04:58"}
{"level":"info","message":"Upload Worker starts","timestamp":"2025-03-14 22:04:58"}
{"level":"info","message":null,"timestamp":"2025-03-14 22:04:58"}
{"level":"info","timestamp":"2025-03-14 22:04:59"}
{"level":"info","message":"200 - ","timestamp":"2025-03-14 22:04:59"}
{"level":"info","timestamp":"2025-03-14 22:04:59"}
{"level":"info","message":"200 - ","timestamp":"2025-03-14 22:04:59"}
{"level":"info","timestamp":"2025-03-14 22:04:59"}
{"level":"info","message":"200 - ","timestamp":"2025-03-14 22:04:59"}
{"level":"info","timestamp":"2025-03-14 22:04:59"}
{"level":"info","message":"200 - ","timestamp":"2025-03-14 22:04:59"}
{"level":"info","message":"Upload Worker starts","timestamp":"2025-03-14 22:05:06"}
{"level":"info","message":null,"timestamp":"2025-03-14 22:05:06"}
{"level":"info","message":"Upload Worker starts","timestamp":"2025-03-14 22:05:06"}
{"level":"info","message":null,"timestamp":"2025-03-14 22:05:06"}
{"level":"info","message":"Upload Worker starts","timestamp":"2025-03-14 22:05:06"}
{"level":"info","message":null,"timestamp":"2025-03-14 22:05:06"}
{"level":"info","message":"Upload Worker starts","timestamp":"2025-03-14 22:05:07"}
{"level":"info","message":null,"timestamp":"2025-03-14 22:05:07"}
{"level":"info","timestamp":"2025-03-14 22:05:07"}
{"level":"info","message":"200 - ","timestamp":"2025-03-14 22:05:07"}
{"level":"info","timestamp":"2025-03-14 22:05:07"}
{"level":"info","message":"200 - ","timestamp":"2025-03-14 22:05:07"}
{"level":"info","timestamp":"2025-03-14 22:05:07"}
{"level":"info","message":"200 - ","timestamp":"2025-03-14 22:05:07"}
{"level":"info","timestamp":"2025-03-14 22:05:07"}
{"level":"info","message":"200 - ","timestamp":"2025-03-14 22:05:07"}
